  CIS-566-HW2.cpp
C:\Users\etime\OneDrive\Documents\GitHub\CIS-566-HW2\CIS-566-HW2\CIS-566-HW2.cpp(29,23): error C3646: 'getPanel': unknown override specifier
C:\Users\etime\OneDrive\Documents\GitHub\CIS-566-HW2\CIS-566-HW2\CIS-566-HW2.cpp(29,32): error C2059: syntax error: ')'
C:\Users\etime\OneDrive\Documents\GitHub\CIS-566-HW2\CIS-566-HW2\CIS-566-HW2.cpp(29,34): error C2334: unexpected token(s) preceding '{'; skipping apparent function body
C:\Users\etime\OneDrive\Documents\GitHub\CIS-566-HW2\CIS-566-HW2\CIS-566-HW2.cpp(31,24): error C3646: 'getButton': unknown override specifier
C:\Users\etime\OneDrive\Documents\GitHub\CIS-566-HW2\CIS-566-HW2\CIS-566-HW2.cpp(31,34): error C2059: syntax error: ')'
C:\Users\etime\OneDrive\Documents\GitHub\CIS-566-HW2\CIS-566-HW2\CIS-566-HW2.cpp(31,36): error C2334: unexpected token(s) preceding '{'; skipping apparent function body
C:\Users\etime\OneDrive\Documents\GitHub\CIS-566-HW2\CIS-566-HW2\CIS-566-HW2.cpp(33,25): error C3646: 'getTextbox': unknown override specifier
C:\Users\etime\OneDrive\Documents\GitHub\CIS-566-HW2\CIS-566-HW2\CIS-566-HW2.cpp(33,36): error C2059: syntax error: ')'
C:\Users\etime\OneDrive\Documents\GitHub\CIS-566-HW2\CIS-566-HW2\CIS-566-HW2.cpp(33,38): error C2334: unexpected token(s) preceding '{'; skipping apparent function body
C:\Users\etime\OneDrive\Documents\GitHub\CIS-566-HW2\CIS-566-HW2\CIS-566-HW2.cpp(43,15): error C3646: 'getPanel': unknown override specifier
C:\Users\etime\OneDrive\Documents\GitHub\CIS-566-HW2\CIS-566-HW2\CIS-566-HW2.cpp(43,23): error C2059: syntax error: '('
C:\Users\etime\OneDrive\Documents\GitHub\CIS-566-HW2\CIS-566-HW2\CIS-566-HW2.cpp(44,9): error C2334: unexpected token(s) preceding '{'; skipping apparent function body
C:\Users\etime\OneDrive\Documents\GitHub\CIS-566-HW2\CIS-566-HW2\CIS-566-HW2.cpp(48,16): error C3646: 'getButton': unknown override specifier
C:\Users\etime\OneDrive\Documents\GitHub\CIS-566-HW2\CIS-566-HW2\CIS-566-HW2.cpp(48,25): error C2059: syntax error: '('
C:\Users\etime\OneDrive\Documents\GitHub\CIS-566-HW2\CIS-566-HW2\CIS-566-HW2.cpp(49,9): error C2334: unexpected token(s) preceding '{'; skipping apparent function body
C:\Users\etime\OneDrive\Documents\GitHub\CIS-566-HW2\CIS-566-HW2\CIS-566-HW2.cpp(53,17): error C3646: 'getTextbox': unknown override specifier
C:\Users\etime\OneDrive\Documents\GitHub\CIS-566-HW2\CIS-566-HW2\CIS-566-HW2.cpp(53,27): error C2059: syntax error: '('
C:\Users\etime\OneDrive\Documents\GitHub\CIS-566-HW2\CIS-566-HW2\CIS-566-HW2.cpp(54,9): error C2334: unexpected token(s) preceding '{'; skipping apparent function body
C:\Users\etime\OneDrive\Documents\GitHub\CIS-566-HW2\CIS-566-HW2\CIS-566-HW2.cpp(65,15): error C3646: 'getPanel': unknown override specifier
C:\Users\etime\OneDrive\Documents\GitHub\CIS-566-HW2\CIS-566-HW2\CIS-566-HW2.cpp(65,23): error C2059: syntax error: '('
C:\Users\etime\OneDrive\Documents\GitHub\CIS-566-HW2\CIS-566-HW2\CIS-566-HW2.cpp(66,9): error C2334: unexpected token(s) preceding '{'; skipping apparent function body
C:\Users\etime\OneDrive\Documents\GitHub\CIS-566-HW2\CIS-566-HW2\CIS-566-HW2.cpp(70,16): error C3646: 'getButton': unknown override specifier
C:\Users\etime\OneDrive\Documents\GitHub\CIS-566-HW2\CIS-566-HW2\CIS-566-HW2.cpp(70,25): error C2059: syntax error: '('
C:\Users\etime\OneDrive\Documents\GitHub\CIS-566-HW2\CIS-566-HW2\CIS-566-HW2.cpp(71,9): error C2334: unexpected token(s) preceding '{'; skipping apparent function body
C:\Users\etime\OneDrive\Documents\GitHub\CIS-566-HW2\CIS-566-HW2\CIS-566-HW2.cpp(75,17): error C3646: 'getTextbox': unknown override specifier
C:\Users\etime\OneDrive\Documents\GitHub\CIS-566-HW2\CIS-566-HW2\CIS-566-HW2.cpp(75,27): error C2059: syntax error: '('
C:\Users\etime\OneDrive\Documents\GitHub\CIS-566-HW2\CIS-566-HW2\CIS-566-HW2.cpp(76,9): error C2334: unexpected token(s) preceding '{'; skipping apparent function body
C:\Users\etime\OneDrive\Documents\GitHub\CIS-566-HW2\CIS-566-HW2\CIS-566-HW2.cpp(88,15): error C3646: 'getPanel': unknown override specifier
C:\Users\etime\OneDrive\Documents\GitHub\CIS-566-HW2\CIS-566-HW2\CIS-566-HW2.cpp(88,23): error C2059: syntax error: '('
C:\Users\etime\OneDrive\Documents\GitHub\CIS-566-HW2\CIS-566-HW2\CIS-566-HW2.cpp(89,9): error C2334: unexpected token(s) preceding '{'; skipping apparent function body
C:\Users\etime\OneDrive\Documents\GitHub\CIS-566-HW2\CIS-566-HW2\CIS-566-HW2.cpp(93,16): error C3646: 'getButton': unknown override specifier
C:\Users\etime\OneDrive\Documents\GitHub\CIS-566-HW2\CIS-566-HW2\CIS-566-HW2.cpp(93,25): error C2059: syntax error: '('
C:\Users\etime\OneDrive\Documents\GitHub\CIS-566-HW2\CIS-566-HW2\CIS-566-HW2.cpp(94,9): error C2334: unexpected token(s) preceding '{'; skipping apparent function body
C:\Users\etime\OneDrive\Documents\GitHub\CIS-566-HW2\CIS-566-HW2\CIS-566-HW2.cpp(98,17): error C3646: 'getTextbox': unknown override specifier
C:\Users\etime\OneDrive\Documents\GitHub\CIS-566-HW2\CIS-566-HW2\CIS-566-HW2.cpp(98,27): error C2059: syntax error: '('
C:\Users\etime\OneDrive\Documents\GitHub\CIS-566-HW2\CIS-566-HW2\CIS-566-HW2.cpp(99,9): error C2334: unexpected token(s) preceding '{'; skipping apparent function body
C:\Users\etime\OneDrive\Documents\GitHub\CIS-566-HW2\CIS-566-HW2\CIS-566-HW2.cpp(109,15): error C3646: 'getPanel': unknown override specifier
C:\Users\etime\OneDrive\Documents\GitHub\CIS-566-HW2\CIS-566-HW2\CIS-566-HW2.cpp(109,23): error C2059: syntax error: '('
C:\Users\etime\OneDrive\Documents\GitHub\CIS-566-HW2\CIS-566-HW2\CIS-566-HW2.cpp(110,9): error C2334: unexpected token(s) preceding '{'; skipping apparent function body
C:\Users\etime\OneDrive\Documents\GitHub\CIS-566-HW2\CIS-566-HW2\CIS-566-HW2.cpp(114,16): error C3646: 'getButton': unknown override specifier
C:\Users\etime\OneDrive\Documents\GitHub\CIS-566-HW2\CIS-566-HW2\CIS-566-HW2.cpp(114,25): error C2059: syntax error: '('
C:\Users\etime\OneDrive\Documents\GitHub\CIS-566-HW2\CIS-566-HW2\CIS-566-HW2.cpp(115,9): error C2334: unexpected token(s) preceding '{'; skipping apparent function body
C:\Users\etime\OneDrive\Documents\GitHub\CIS-566-HW2\CIS-566-HW2\CIS-566-HW2.cpp(119,17): error C3646: 'getTextbox': unknown override specifier
C:\Users\etime\OneDrive\Documents\GitHub\CIS-566-HW2\CIS-566-HW2\CIS-566-HW2.cpp(119,27): error C2059: syntax error: '('
C:\Users\etime\OneDrive\Documents\GitHub\CIS-566-HW2\CIS-566-HW2\CIS-566-HW2.cpp(120,9): error C2334: unexpected token(s) preceding '{'; skipping apparent function body
